<?xml version="1.0" encoding="UTF-8" ?>
<testsuite tests="1" failures="0" name="com.example.helloworld.GreeterServiceImplTest" time="2.083" errors="0" skipped="0">
  <properties>
    <property name="java.runtime.name" value="OpenJDK Runtime Environment"/>
    <property name="java.vm.version" value="17.0.5+8-LTS"/>
    <property name="sun.boot.library.path" value="C:\Users\VijayVepa\.jdks\corretto-17.0.5\bin"/>
    <property name="java.vm.vendor" value="Amazon.com Inc."/>
    <property name="java.vendor.url" value="https://aws.amazon.com/corretto/"/>
    <property name="path.separator" value=";"/>
    <property name="java.vm.name" value="OpenJDK 64-Bit Server VM"/>
    <property name="sun.os.patch.level" value=""/>
    <property name="user.script" value=""/>
    <property name="user.country" value="US"/>
    <property name="sun.java.launcher" value="SUN_STANDARD"/>
    <property name="java.vm.specification.name" value="Java Virtual Machine Specification"/>
    <property name="user.dir" value="G:\Code\gRPCExamples\AkkaGrpc\akka-grpc-quickstart-java"/>
    <property name="java.vm.compressedOopsMode" value="Zero based"/>
    <property name="java.runtime.version" value="17.0.5+8-LTS"/>
    <property name="basedir" value="G:\Code\gRPCExamples\AkkaGrpc\akka-grpc-quickstart-java"/>
    <property name="os.arch" value="amd64"/>
    <property name="surefire.real.class.path" value="G:\Code\gRPCExamples\AkkaGrpc\akka-grpc-quickstart-java\target\surefire\surefirebooter11854464843383282181.jar"/>
    <property name="java.io.tmpdir" value="C:\Users\VIJAYV~1\AppData\Local\Temp\"/>
    <property name="line.separator" value="
"/>
    <property name="java.vm.specification.vendor" value="Oracle Corporation"/>
    <property name="user.variant" value=""/>
    <property name="os.name" value="Windows 11"/>
    <property name="sun.jnu.encoding" value="Cp1252"/>
    <property name="java.library.path" value="C:\Users\VijayVepa\.jdks\corretto-17.0.5\bin;C:\Windows\Sun\Java\bin;C:\Windows\system32;C:\Windows;C:\Program Files\PowerShell\7;C:\Python310\Scripts\;C:\Python310\;C:\Program Files\Microsoft\jdk-11.0.12.7-hotspot\bin;C:\Windows\system32;C:\Windows;C:\Windows\System32\Wbem;C:\Windows\System32\WindowsPowerShell\v1.0\;C:\Windows\System32\OpenSSH\;C:\Program Files (x86)\NVIDIA Corporation\PhysX\Common;C:\Program Files\dotnet\;C:\Program Files\Microsoft SQL Server\150\Tools\Binn\;C:\Program Files\Microsoft SQL Server\Client SDK\ODBC\170\Tools\Binn\;C:\Program Files\Git\cmd;C:\Program Files\NVIDIA Corporation\NVIDIA NvDLISR;C:\Gradle\gradle-7.5.1\bin;C:\Users\vijay\AppData\Local\Coursier\data\bin;C:\Program Files\PuTTY\;C:\Program Files\Microsoft VS Code\bin;C:\Program Files\Amazon\AWSSAMCLI\bin\;C:\Program Files\Amazon\AWSCLIV2\;C:\Program Files\nodejs\;G:\Tools\spring-2.7.4\bin;C:\ProgramData\chocolatey\bin;;C:\Program Files\Docker\Docker\resources\bin;C:\ProgramData\chocolatey\lib\maven\apache-maven-3.8.6\bin;C:\Program Files\PowerShell\7\;C:\Users\VijayVepa\AppData\Local\Microsoft\WindowsApps;C:\Users\VijayVepa\AppData\Local\GitHubDesktop\bin;C:\Users\VijayVepa\.dotnet\tools;C:\Users\VijayVepa\AppData\Roaming\npm;."/>
    <property name="surefire.test.class.path" value="G:\Code\gRPCExamples\AkkaGrpc\akka-grpc-quickstart-java\target\test-classes;G:\Code\gRPCExamples\AkkaGrpc\akka-grpc-quickstart-java\target\classes;C:\Users\VijayVepa\.m2\repository\com\typesafe\akka\akka-http_2.13\10.4.0\akka-http_2.13-10.4.0.jar;C:\Users\VijayVepa\.m2\repository\org\scala-lang\scala-library\2.13.10\scala-library-2.13.10.jar;C:\Users\VijayVepa\.m2\repository\com\typesafe\akka\akka-http-core_2.13\10.4.0\akka-http-core_2.13-10.4.0.jar;C:\Users\VijayVepa\.m2\repository\com\typesafe\akka\akka-parsing_2.13\10.4.0\akka-parsing_2.13-10.4.0.jar;C:\Users\VijayVepa\.m2\repository\com\typesafe\akka\akka-http2-support_2.13\10.4.0\akka-http2-support_2.13-10.4.0.jar;C:\Users\VijayVepa\.m2\repository\com\typesafe\akka\akka-discovery_2.13\2.7.0\akka-discovery_2.13-2.7.0.jar;C:\Users\VijayVepa\.m2\repository\com\typesafe\akka\akka-actor_2.13\2.7.0\akka-actor_2.13-2.7.0.jar;C:\Users\VijayVepa\.m2\repository\com\typesafe\config\1.4.2\config-1.4.2.jar;C:\Users\VijayVepa\.m2\repository\org\scala-lang\modules\scala-java8-compat_2.13\1.0.0\scala-java8-compat_2.13-1.0.0.jar;C:\Users\VijayVepa\.m2\repository\com\lightbend\akka\grpc\akka-grpc-runtime_2.13\2.2.1\akka-grpc-runtime_2.13-2.2.1.jar;C:\Users\VijayVepa\.m2\repository\com\thesamet\scalapb\scalapb-runtime_2.13\0.11.11\scalapb-runtime_2.13-0.11.11.jar;C:\Users\VijayVepa\.m2\repository\com\thesamet\scalapb\lenses_2.13\0.11.11\lenses_2.13-0.11.11.jar;C:\Users\VijayVepa\.m2\repository\org\scala-lang\modules\scala-collection-compat_2.13\2.7.0\scala-collection-compat_2.13-2.7.0.jar;C:\Users\VijayVepa\.m2\repository\com\google\protobuf\protobuf-java\3.21.9\protobuf-java-3.21.9.jar;C:\Users\VijayVepa\.m2\repository\io\grpc\grpc-protobuf\1.48.1\grpc-protobuf-1.48.1.jar;C:\Users\VijayVepa\.m2\repository\io\grpc\grpc-api\1.48.1\grpc-api-1.48.1.jar;C:\Users\VijayVepa\.m2\repository\io\grpc\grpc-context\1.48.1\grpc-context-1.48.1.jar;C:\Users\VijayVepa\.m2\repository\com\google\code\findbugs\jsr305\3.0.2\jsr305-3.0.2.jar;C:\Users\VijayVepa\.m2\repository\com\google\api\grpc\proto-google-common-protos\2.9.0\proto-google-common-protos-2.9.0.jar;C:\Users\VijayVepa\.m2\repository\io\grpc\grpc-protobuf-lite\1.48.1\grpc-protobuf-lite-1.48.1.jar;C:\Users\VijayVepa\.m2\repository\com\google\guava\guava\31.1-android\guava-31.1-android.jar;C:\Users\VijayVepa\.m2\repository\com\google\guava\failureaccess\1.0.1\failureaccess-1.0.1.jar;C:\Users\VijayVepa\.m2\repository\com\google\guava\listenablefuture\9999.0-empty-to-avoid-conflict-with-guava\listenablefuture-9999.0-empty-to-avoid-conflict-with-guava.jar;C:\Users\VijayVepa\.m2\repository\org\checkerframework\checker-qual\3.12.0\checker-qual-3.12.0.jar;C:\Users\VijayVepa\.m2\repository\com\google\j2objc\j2objc-annotations\1.3\j2objc-annotations-1.3.jar;C:\Users\VijayVepa\.m2\repository\io\grpc\grpc-core\1.48.1\grpc-core-1.48.1.jar;C:\Users\VijayVepa\.m2\repository\com\google\code\gson\gson\2.9.0\gson-2.9.0.jar;C:\Users\VijayVepa\.m2\repository\com\google\android\annotations\4.1.1.4\annotations-4.1.1.4.jar;C:\Users\VijayVepa\.m2\repository\org\codehaus\mojo\animal-sniffer-annotations\1.21\animal-sniffer-annotations-1.21.jar;C:\Users\VijayVepa\.m2\repository\com\google\errorprone\error_prone_annotations\2.14.0\error_prone_annotations-2.14.0.jar;C:\Users\VijayVepa\.m2\repository\io\perfmark\perfmark-api\0.25.0\perfmark-api-0.25.0.jar;C:\Users\VijayVepa\.m2\repository\io\grpc\grpc-netty-shaded\1.48.1\grpc-netty-shaded-1.48.1.jar;C:\Users\VijayVepa\.m2\repository\com\typesafe\akka\akka-actor-typed_2.13\2.7.0\akka-actor-typed_2.13-2.7.0.jar;C:\Users\VijayVepa\.m2\repository\com\typesafe\akka\akka-slf4j_2.13\2.7.0\akka-slf4j_2.13-2.7.0.jar;C:\Users\VijayVepa\.m2\repository\org\slf4j\slf4j-api\1.7.36\slf4j-api-1.7.36.jar;C:\Users\VijayVepa\.m2\repository\com\typesafe\akka\akka-stream_2.13\2.7.0\akka-stream_2.13-2.7.0.jar;C:\Users\VijayVepa\.m2\repository\com\typesafe\akka\akka-protobuf-v3_2.13\2.7.0\akka-protobuf-v3_2.13-2.7.0.jar;C:\Users\VijayVepa\.m2\repository\org\reactivestreams\reactive-streams\1.0.4\reactive-streams-1.0.4.jar;C:\Users\VijayVepa\.m2\repository\com\typesafe\ssl-config-core_2.13\0.4.3\ssl-config-core_2.13-0.4.3.jar;C:\Users\VijayVepa\.m2\repository\org\scala-lang\modules\scala-parser-combinators_2.13\1.1.2\scala-parser-combinators_2.13-1.1.2.jar;C:\Users\VijayVepa\.m2\repository\com\typesafe\akka\akka-pki_2.13\2.7.0\akka-pki_2.13-2.7.0.jar;C:\Users\VijayVepa\.m2\repository\com\hierynomus\asn-one\0.6.0\asn-one-0.6.0.jar;C:\Users\VijayVepa\.m2\repository\ch\qos\logback\logback-classic\1.2.3\logback-classic-1.2.3.jar;C:\Users\VijayVepa\.m2\repository\ch\qos\logback\logback-core\1.2.3\logback-core-1.2.3.jar;C:\Users\VijayVepa\.m2\repository\com\typesafe\akka\akka-actor-testkit-typed_2.13\2.7.0\akka-actor-testkit-typed_2.13-2.7.0.jar;C:\Users\VijayVepa\.m2\repository\com\typesafe\akka\akka-testkit_2.13\2.7.0\akka-testkit_2.13-2.7.0.jar;C:\Users\VijayVepa\.m2\repository\com\typesafe\akka\akka-stream-testkit_2.13\2.7.0\akka-stream-testkit_2.13-2.7.0.jar;C:\Users\VijayVepa\.m2\repository\junit\junit\4.13.1\junit-4.13.1.jar;C:\Users\VijayVepa\.m2\repository\org\hamcrest\hamcrest-core\1.3\hamcrest-core-1.3.jar;C:\Users\VijayVepa\.m2\repository\io\grpc\grpc-stub\1.28.1\grpc-stub-1.28.1.jar;"/>
    <property name="jdk.debug" value="release"/>
    <property name="java.class.version" value="61.0"/>
    <property name="java.specification.name" value="Java Platform API Specification"/>
    <property name="sun.management.compiler" value="HotSpot 64-Bit Tiered Compilers"/>
    <property name="os.version" value="10.0"/>
    <property name="user.home" value="C:\Users\VijayVepa"/>
    <property name="user.timezone" value="America/New_York"/>
    <property name="file.encoding" value="Cp1252"/>
    <property name="java.specification.version" value="17"/>
    <property name="user.name" value="VijayVepa"/>
    <property name="java.class.path" value="G:\Code\gRPCExamples\AkkaGrpc\akka-grpc-quickstart-java\target\test-classes;G:\Code\gRPCExamples\AkkaGrpc\akka-grpc-quickstart-java\target\classes;C:\Users\VijayVepa\.m2\repository\com\typesafe\akka\akka-http_2.13\10.4.0\akka-http_2.13-10.4.0.jar;C:\Users\VijayVepa\.m2\repository\org\scala-lang\scala-library\2.13.10\scala-library-2.13.10.jar;C:\Users\VijayVepa\.m2\repository\com\typesafe\akka\akka-http-core_2.13\10.4.0\akka-http-core_2.13-10.4.0.jar;C:\Users\VijayVepa\.m2\repository\com\typesafe\akka\akka-parsing_2.13\10.4.0\akka-parsing_2.13-10.4.0.jar;C:\Users\VijayVepa\.m2\repository\com\typesafe\akka\akka-http2-support_2.13\10.4.0\akka-http2-support_2.13-10.4.0.jar;C:\Users\VijayVepa\.m2\repository\com\typesafe\akka\akka-discovery_2.13\2.7.0\akka-discovery_2.13-2.7.0.jar;C:\Users\VijayVepa\.m2\repository\com\typesafe\akka\akka-actor_2.13\2.7.0\akka-actor_2.13-2.7.0.jar;C:\Users\VijayVepa\.m2\repository\com\typesafe\config\1.4.2\config-1.4.2.jar;C:\Users\VijayVepa\.m2\repository\org\scala-lang\modules\scala-java8-compat_2.13\1.0.0\scala-java8-compat_2.13-1.0.0.jar;C:\Users\VijayVepa\.m2\repository\com\lightbend\akka\grpc\akka-grpc-runtime_2.13\2.2.1\akka-grpc-runtime_2.13-2.2.1.jar;C:\Users\VijayVepa\.m2\repository\com\thesamet\scalapb\scalapb-runtime_2.13\0.11.11\scalapb-runtime_2.13-0.11.11.jar;C:\Users\VijayVepa\.m2\repository\com\thesamet\scalapb\lenses_2.13\0.11.11\lenses_2.13-0.11.11.jar;C:\Users\VijayVepa\.m2\repository\org\scala-lang\modules\scala-collection-compat_2.13\2.7.0\scala-collection-compat_2.13-2.7.0.jar;C:\Users\VijayVepa\.m2\repository\com\google\protobuf\protobuf-java\3.21.9\protobuf-java-3.21.9.jar;C:\Users\VijayVepa\.m2\repository\io\grpc\grpc-protobuf\1.48.1\grpc-protobuf-1.48.1.jar;C:\Users\VijayVepa\.m2\repository\io\grpc\grpc-api\1.48.1\grpc-api-1.48.1.jar;C:\Users\VijayVepa\.m2\repository\io\grpc\grpc-context\1.48.1\grpc-context-1.48.1.jar;C:\Users\VijayVepa\.m2\repository\com\google\code\findbugs\jsr305\3.0.2\jsr305-3.0.2.jar;C:\Users\VijayVepa\.m2\repository\com\google\api\grpc\proto-google-common-protos\2.9.0\proto-google-common-protos-2.9.0.jar;C:\Users\VijayVepa\.m2\repository\io\grpc\grpc-protobuf-lite\1.48.1\grpc-protobuf-lite-1.48.1.jar;C:\Users\VijayVepa\.m2\repository\com\google\guava\guava\31.1-android\guava-31.1-android.jar;C:\Users\VijayVepa\.m2\repository\com\google\guava\failureaccess\1.0.1\failureaccess-1.0.1.jar;C:\Users\VijayVepa\.m2\repository\com\google\guava\listenablefuture\9999.0-empty-to-avoid-conflict-with-guava\listenablefuture-9999.0-empty-to-avoid-conflict-with-guava.jar;C:\Users\VijayVepa\.m2\repository\org\checkerframework\checker-qual\3.12.0\checker-qual-3.12.0.jar;C:\Users\VijayVepa\.m2\repository\com\google\j2objc\j2objc-annotations\1.3\j2objc-annotations-1.3.jar;C:\Users\VijayVepa\.m2\repository\io\grpc\grpc-core\1.48.1\grpc-core-1.48.1.jar;C:\Users\VijayVepa\.m2\repository\com\google\code\gson\gson\2.9.0\gson-2.9.0.jar;C:\Users\VijayVepa\.m2\repository\com\google\android\annotations\4.1.1.4\annotations-4.1.1.4.jar;C:\Users\VijayVepa\.m2\repository\org\codehaus\mojo\animal-sniffer-annotations\1.21\animal-sniffer-annotations-1.21.jar;C:\Users\VijayVepa\.m2\repository\com\google\errorprone\error_prone_annotations\2.14.0\error_prone_annotations-2.14.0.jar;C:\Users\VijayVepa\.m2\repository\io\perfmark\perfmark-api\0.25.0\perfmark-api-0.25.0.jar;C:\Users\VijayVepa\.m2\repository\io\grpc\grpc-netty-shaded\1.48.1\grpc-netty-shaded-1.48.1.jar;C:\Users\VijayVepa\.m2\repository\com\typesafe\akka\akka-actor-typed_2.13\2.7.0\akka-actor-typed_2.13-2.7.0.jar;C:\Users\VijayVepa\.m2\repository\com\typesafe\akka\akka-slf4j_2.13\2.7.0\akka-slf4j_2.13-2.7.0.jar;C:\Users\VijayVepa\.m2\repository\org\slf4j\slf4j-api\1.7.36\slf4j-api-1.7.36.jar;C:\Users\VijayVepa\.m2\repository\com\typesafe\akka\akka-stream_2.13\2.7.0\akka-stream_2.13-2.7.0.jar;C:\Users\VijayVepa\.m2\repository\com\typesafe\akka\akka-protobuf-v3_2.13\2.7.0\akka-protobuf-v3_2.13-2.7.0.jar;C:\Users\VijayVepa\.m2\repository\org\reactivestreams\reactive-streams\1.0.4\reactive-streams-1.0.4.jar;C:\Users\VijayVepa\.m2\repository\com\typesafe\ssl-config-core_2.13\0.4.3\ssl-config-core_2.13-0.4.3.jar;C:\Users\VijayVepa\.m2\repository\org\scala-lang\modules\scala-parser-combinators_2.13\1.1.2\scala-parser-combinators_2.13-1.1.2.jar;C:\Users\VijayVepa\.m2\repository\com\typesafe\akka\akka-pki_2.13\2.7.0\akka-pki_2.13-2.7.0.jar;C:\Users\VijayVepa\.m2\repository\com\hierynomus\asn-one\0.6.0\asn-one-0.6.0.jar;C:\Users\VijayVepa\.m2\repository\ch\qos\logback\logback-classic\1.2.3\logback-classic-1.2.3.jar;C:\Users\VijayVepa\.m2\repository\ch\qos\logback\logback-core\1.2.3\logback-core-1.2.3.jar;C:\Users\VijayVepa\.m2\repository\com\typesafe\akka\akka-actor-testkit-typed_2.13\2.7.0\akka-actor-testkit-typed_2.13-2.7.0.jar;C:\Users\VijayVepa\.m2\repository\com\typesafe\akka\akka-testkit_2.13\2.7.0\akka-testkit_2.13-2.7.0.jar;C:\Users\VijayVepa\.m2\repository\com\typesafe\akka\akka-stream-testkit_2.13\2.7.0\akka-stream-testkit_2.13-2.7.0.jar;C:\Users\VijayVepa\.m2\repository\junit\junit\4.13.1\junit-4.13.1.jar;C:\Users\VijayVepa\.m2\repository\org\hamcrest\hamcrest-core\1.3\hamcrest-core-1.3.jar;C:\Users\VijayVepa\.m2\repository\io\grpc\grpc-stub\1.28.1\grpc-stub-1.28.1.jar;"/>
    <property name="java.vm.specification.version" value="17"/>
    <property name="sun.arch.data.model" value="64"/>
    <property name="sun.java.command" value="G:\Code\gRPCExamples\AkkaGrpc\akka-grpc-quickstart-java\target\surefire\surefirebooter11854464843383282181.jar G:\Code\gRPCExamples\AkkaGrpc\akka-grpc-quickstart-java\target\surefire\surefire11200482028863669011tmp G:\Code\gRPCExamples\AkkaGrpc\akka-grpc-quickstart-java\target\surefire\surefire10121686210147968864tmp"/>
    <property name="java.home" value="C:\Users\VijayVepa\.jdks\corretto-17.0.5"/>
    <property name="user.language" value="en"/>
    <property name="java.specification.vendor" value="Oracle Corporation"/>
    <property name="java.vm.info" value="mixed mode, sharing"/>
    <property name="java.version" value="17.0.5"/>
    <property name="native.encoding" value="Cp1252"/>
    <property name="java.vendor" value="Amazon.com Inc."/>
    <property name="localRepository" value="C:\Users\VijayVepa\.m2\repository"/>
    <property name="file.separator" value="\"/>
    <property name="java.version.date" value="2022-10-18"/>
    <property name="java.vendor.url.bug" value="https://github.com/corretto/corretto-17/issues/"/>
    <property name="sun.io.unicode.encoding" value="UnicodeLittle"/>
    <property name="sun.cpu.endian" value="little"/>
    <property name="java.vendor.version" value="Corretto-17.0.5.8.1"/>
    <property name="sun.cpu.isalist" value="amd64"/>
  </properties>
  <testcase classname="com.example.helloworld.GreeterServiceImplTest" name="greeterServiceRepliesToSingleRequest" time="0.049"/>
</testsuite>